0 verbose cli C:\Program Files\nodejs\node.exe C:\Program Files\nodejs\node_modules\npm\bin\npm-cli.js
1 info using npm@11.6.2
2 info using node@v24.12.0
3 silly config load:file:C:\Program Files\nodejs\node_modules\npm\npmrc
4 silly config load:file:C:\Users\19726539-6\Desktop\Sistemas\Projects\nexo-landing\.npmrc
5 silly config load:file:C:\Users\19726539-6\.npmrc
6 silly config load:file:C:\Users\19726539-6\AppData\Roaming\npm\etc\npmrc
7 verbose title npm install devicon
8 verbose argv "install" "devicon"
9 verbose logfile logs-max:10 dir:c:\Users\19726539-6\Desktop\Sistemas\Projects\nexo-landing\.npm-cache\_logs\2026-04-20T16_00_43_428Z-
10 verbose logfile c:\Users\19726539-6\Desktop\Sistemas\Projects\nexo-landing\.npm-cache\_logs\2026-04-20T16_00_43_428Z-debug-0.log
11 silly logfile done cleaning log files
12 silly packumentCache heap:4496293888 maxSize:1124073472 maxEntrySize:562036736
13 verbose shrinkwrap failed to load node_modules/.package-lock.json out of date, updated: node_modules
14 silly idealTree buildDeps
15 silly fetch manifest devicon@*
16 silly packumentCache full:https://registry.npmjs.org/devicon cache-miss
17 http fetch GET 200 https://registry.npmjs.org/npm 256ms
18 http fetch GET 200 https://registry.npmjs.org/devicon 762ms (cache miss)
19 silly packumentCache full:https://registry.npmjs.org/devicon set size:undefined disposed:false
20 silly placeDep ROOT devicon@2.17.0 OK for: nexo-landing@1.0.0 want: *
21 silly reify moves {}
22 silly audit bulk request {
22 silly audit   '@babel/code-frame': [ '7.29.0' ],
22 silly audit   '@babel/compat-data': [ '7.29.0' ],
22 silly audit   '@babel/core': [ '7.29.0' ],
22 silly audit   '@babel/generator': [ '7.29.1' ],
22 silly audit   '@babel/helper-compilation-targets': [ '7.28.6' ],
22 silly audit   '@babel/helper-globals': [ '7.28.0' ],
22 silly audit   '@babel/helper-module-imports': [ '7.28.6' ],
22 silly audit   '@babel/helper-module-transforms': [ '7.28.6' ],
22 silly audit   '@babel/helper-plugin-utils': [ '7.28.6' ],
22 silly audit   '@babel/helper-string-parser': [ '7.27.1' ],
22 silly audit   '@babel/helper-validator-identifier': [ '7.28.5' ],
22 silly audit   '@babel/helper-validator-option': [ '7.27.1' ],
22 silly audit   '@babel/helpers': [ '7.29.2' ],
22 silly audit   '@babel/parser': [ '7.29.2' ],
22 silly audit   '@babel/plugin-transform-react-jsx-self': [ '7.27.1' ],
22 silly audit   '@babel/plugin-transform-react-jsx-source': [ '7.27.1' ],
22 silly audit   '@babel/template': [ '7.28.6' ],
22 silly audit   '@babel/traverse': [ '7.29.0' ],
22 silly audit   '@babel/types': [ '7.29.0' ],
22 silly audit   '@esbuild/aix-ppc64': [ '0.21.5' ],
22 silly audit   '@esbuild/android-arm': [ '0.21.5' ],
22 silly audit   '@esbuild/android-arm64': [ '0.21.5' ],
22 silly audit   '@esbuild/android-x64': [ '0.21.5' ],
22 silly audit   '@esbuild/darwin-arm64': [ '0.21.5' ],
22 silly audit   '@esbuild/darwin-x64': [ '0.21.5' ],
22 silly audit   '@esbuild/freebsd-arm64': [ '0.21.5' ],
22 silly audit   '@esbuild/freebsd-x64': [ '0.21.5' ],
22 silly audit   '@esbuild/linux-arm': [ '0.21.5' ],
22 silly audit   '@esbuild/linux-arm64': [ '0.21.5' ],
22 silly audit   '@esbuild/linux-ia32': [ '0.21.5' ],
22 silly audit   '@esbuild/linux-loong64': [ '0.21.5' ],
22 silly audit   '@esbuild/linux-mips64el': [ '0.21.5' ],
22 silly audit   '@esbuild/linux-ppc64': [ '0.21.5' ],
22 silly audit   '@esbuild/linux-riscv64': [ '0.21.5' ],
22 silly audit   '@esbuild/linux-s390x': [ '0.21.5' ],
22 silly audit   '@esbuild/linux-x64': [ '0.21.5' ],
22 silly audit   '@esbuild/netbsd-x64': [ '0.21.5' ],
22 silly audit   '@esbuild/openbsd-x64': [ '0.21.5' ],
22 silly audit   '@esbuild/sunos-x64': [ '0.21.5' ],
22 silly audit   '@esbuild/win32-arm64': [ '0.21.5' ],
22 silly audit   '@esbuild/win32-ia32': [ '0.21.5' ],
22 silly audit   '@esbuild/win32-x64': [ '0.21.5' ],
22 silly audit   '@jridgewell/gen-mapping': [ '0.3.13' ],
22 silly audit   '@jridgewell/remapping': [ '2.3.5' ],
22 silly audit   '@jridgewell/resolve-uri': [ '3.1.2' ],
22 silly audit   '@jridgewell/sourcemap-codec': [ '1.5.5' ],
22 silly audit   '@jridgewell/trace-mapping': [ '0.3.31' ],
22 silly audit   '@rolldown/pluginutils': [ '1.0.0-beta.27' ],
22 silly audit   '@rollup/rollup-android-arm-eabi': [ '4.60.1' ],
22 silly audit   '@rollup/rollup-android-arm64': [ '4.60.1' ],
22 silly audit   '@rollup/rollup-darwin-arm64': [ '4.60.1' ],
22 silly audit   '@rollup/rollup-darwin-x64': [ '4.60.1' ],
22 silly audit   '@rollup/rollup-freebsd-arm64': [ '4.60.1' ],
22 silly audit   '@rollup/rollup-freebsd-x64': [ '4.60.1' ],
22 silly audit   '@rollup/rollup-linux-arm-gnueabihf': [ '4.60.1' ],
22 silly audit   '@rollup/rollup-linux-arm-musleabihf': [ '4.60.1' ],
22 silly audit   '@rollup/rollup-linux-arm64-gnu': [ '4.60.1' ],
22 silly audit   '@rollup/rollup-linux-arm64-musl': [ '4.60.1' ],
22 silly audit   '@rollup/rollup-linux-loong64-gnu': [ '4.60.1' ],
22 silly audit   '@rollup/rollup-linux-loong64-musl': [ '4.60.1' ],
22 silly audit   '@rollup/rollup-linux-ppc64-gnu': [ '4.60.1' ],
22 silly audit   '@rollup/rollup-linux-ppc64-musl': [ '4.60.1' ],
22 silly audit   '@rollup/rollup-linux-riscv64-gnu': [ '4.60.1' ],
22 silly audit   '@rollup/rollup-linux-riscv64-musl': [ '4.60.1' ],
22 silly audit   '@rollup/rollup-linux-s390x-gnu': [ '4.60.1' ],
22 silly audit   '@rollup/rollup-linux-x64-gnu': [ '4.60.1' ],
22 silly audit   '@rollup/rollup-linux-x64-musl': [ '4.60.1' ],
22 silly audit   '@rollup/rollup-openbsd-x64': [ '4.60.1' ],
22 silly audit   '@rollup/rollup-openharmony-arm64': [ '4.60.1' ],
22 silly audit   '@rollup/rollup-win32-arm64-msvc': [ '4.60.1' ],
22 silly audit   '@rollup/rollup-win32-ia32-msvc': [ '4.60.1' ],
22 silly audit   '@rollup/rollup-win32-x64-gnu': [ '4.60.1' ],
22 silly audit   '@rollup/rollup-win32-x64-msvc': [ '4.60.1' ],
22 silly audit   '@types/babel__core': [ '7.20.5' ],
22 silly audit   '@types/babel__generator': [ '7.27.0' ],
22 silly audit   '@types/babel__template': [ '7.4.4' ],
22 silly audit   '@types/babel__traverse': [ '7.28.0' ],
22 silly audit   '@types/estree': [ '1.0.8' ],
22 silly audit   '@vitejs/plugin-react': [ '4.7.0' ],
22 silly audit   'baseline-browser-mapping': [ '2.10.19' ],
22 silly audit   browserslist: [ '4.28.2' ],
22 silly audit   'caniuse-lite': [ '1.0.30001788' ],
22 silly audit   'convert-source-map': [ '2.0.0' ],
22 silly audit   debug: [ '4.4.3' ],
22 silly audit   'electron-to-chromium': [ '1.5.337' ],
22 silly audit   esbuild: [ '0.21.5' ],
22 silly audit   escalade: [ '3.2.0' ],
22 silly audit   fsevents: [ '2.3.3' ],
22 silly audit   gensync: [ '1.0.0-beta.2' ],
22 silly audit   'js-tokens': [ '4.0.0' ],
22 silly audit   jsesc: [ '3.1.0' ],
22 silly audit   json5: [ '2.2.3' ],
22 silly audit   'loose-envify': [ '1.4.0' ],
22 silly audit   'lru-cache': [ '5.1.1' ],
22 silly audit   'lucide-react': [ '0.383.0' ],
22 silly audit   ms: [ '2.1.3' ],
22 silly audit   nanoid: [ '3.3.11' ],
22 silly audit   'node-releases': [ '2.0.37' ],
22 silly audit   picocolors: [ '1.1.1' ],
22 silly audit   postcss: [ '8.5.10' ],
22 silly audit   react: [ '18.3.1' ],
22 silly audit   'react-dom': [ '18.3.1' ],
22 silly audit   'react-refresh': [ '0.17.0' ],
22 silly audit   rollup: [ '4.60.1' ],
22 silly audit   scheduler: [ '0.23.2' ],
22 silly audit   semver: [ '6.3.1' ],
22 silly audit   'source-map-js': [ '1.2.1' ],
22 silly audit   'update-browserslist-db': [ '1.2.3' ],
22 silly audit   vite: [ '5.4.21' ],
22 silly audit   yallist: [ '3.1.1' ],
22 silly audit   devicon: [ '2.17.0' ]
22 silly audit }
23 http cache devicon@https://registry.npmjs.org/devicon/-/devicon-2.17.0.tgz 1ms (cache hit)
24 silly tarball no local data for devicon@https://registry.npmjs.org/devicon/-/devicon-2.17.0.tgz. Extracting by manifest.
25 http fetch POST 200 https://registry.npmjs.org/-/npm/v1/security/advisories/bulk 193ms
26 silly audit report {
26 silly audit report   esbuild: [
26 silly audit report     {
26 silly audit report       id: 1102341,
26 silly audit report       url: 'https://github.com/advisories/GHSA-67mh-4wv8-2f99',
26 silly audit report       title: 'esbuild enables any website to send any requests to the development server and read the response',
26 silly audit report       severity: 'moderate',
26 silly audit report       vulnerable_versions: '<=0.24.2',
26 silly audit report       cwe: [Array],
26 silly audit report       cvss: [Object]
26 silly audit report     }
26 silly audit report   ],
26 silly audit report   vite: [
26 silly audit report     {
26 silly audit report       id: 1116229,
26 silly audit report       url: 'https://github.com/advisories/GHSA-4w7w-66w2-5vf9',
26 silly audit report       title: 'Vite Vulnerable to Path Traversal in Optimized Deps `.map` Handling',
26 silly audit report       severity: 'moderate',
26 silly audit report       vulnerable_versions: '<=6.4.1',
26 silly audit report       cwe: [Array],
26 silly audit report       cvss: [Object]
26 silly audit report     }
26 silly audit report   ]
26 silly audit report }
27 silly packumentCache corgi:https://registry.npmjs.org/esbuild cache-miss
28 silly packumentCache corgi:https://registry.npmjs.org/vite cache-miss
29 http fetch GET 200 https://registry.npmjs.org/esbuild 72ms (cache miss)
30 silly packumentCache corgi:https://registry.npmjs.org/esbuild set size:undefined disposed:false
31 http fetch GET 200 https://registry.npmjs.org/vite 376ms (cache miss)
32 silly packumentCache corgi:https://registry.npmjs.org/vite set size:undefined disposed:false
33 silly packumentCache corgi:https://registry.npmjs.org/@vitejs%2fplugin-react cache-miss
34 http fetch GET 200 https://registry.npmjs.org/@vitejs%2fplugin-react 51ms (cache miss)
35 silly packumentCache corgi:https://registry.npmjs.org/@vitejs%2fplugin-react set size:undefined disposed:false
36 http fetch GET 200 https://registry.npmjs.org/devicon/-/devicon-2.17.0.tgz 5345ms (cache miss)
37 silly ADD node_modules/devicon
38 verbose cwd C:\Users\19726539-6\Desktop\Sistemas\Projects\nexo-landing
39 verbose os Windows_NT 10.0.26100
40 verbose node v24.12.0
41 verbose npm  v11.6.2
42 notice
42 notice New minor version of npm available! 11.6.2 -> 11.12.1
42 notice Changelog: https://github.com/npm/cli/releases/tag/v11.12.1
42 notice To update run: npm install -g npm@11.12.1
42 notice  { force: true, Symbol(proc-log.meta): true }
43 verbose exit 0
44 info ok
